  curve.cpp
D:\project4\animator-proj4\curve.cpp(57,20): warning C4018: “<”: 有符号/无符号不匹配
D:\project4\animator-proj4\curve.cpp(188,14): warning C4018: “<”: 有符号/无符号不匹配
D:\project4\animator-proj4\curve.cpp(197,14): warning C4018: “<”: 有符号/无符号不匹配
D:\project4\animator-proj4\curve.cpp(210,20): warning C4018: “<”: 有符号/无符号不匹配
D:\project4\animator-proj4\curve.cpp(307,16): warning C4018: “<”: 有符号/无符号不匹配
D:\project4\animator-proj4\curve.cpp(339,16): warning C4018: “<”: 有符号/无符号不匹配
D:\project4\animator-proj4\curve.cpp(383,14): warning C4244: “参数”: 从“double”转换到“GLfloat”，可能丢失数据
D:\project4\animator-proj4\curve.cpp(403,14): warning C4244: “参数”: 从“double”转换到“GLfloat”，可能丢失数据
  curveevaluator.cpp
  linearcurveevaluator.cpp
  camera.cpp
  modelerapp.cpp
D:\project4\animator-proj4\modelerapp.cpp(41,1): warning C4996: 'strncpy': This function or variable may be unsafe. Consider using strncpy_s instead. To disable deprecation, use _CRT_SECURE_NO_WARNINGS. See online help for details.
C:\Program Files (x86)\Windows Kits\10\Include\10.0.18362.0\ucrt\string.h(338): message : 参见“strncpy”的声明
D:\project4\animator-proj4\modelerapp.cpp(132,39): warning C4244: “参数”: 从“double”转换到“float”，可能丢失数据
  modelerdraw.cpp
D:\project4\animator-proj4\modelerdraw.cpp(150,1): warning C4996: 'fopen': This function or variable may be unsafe. Consider using fopen_s instead. To disable deprecation, use _CRT_SECURE_NO_WARNINGS. See online help for details.
C:\Program Files (x86)\Windows Kits\10\Include\10.0.18362.0\ucrt\stdio.h(208): message : 参见“fopen”的声明
  modelerui.cpp
D:\project4\animator-proj4\modelerui.cpp(57,1): warning C4996: '_splitpath': This function or variable may be unsafe. Consider using _splitpath_s instead. To disable deprecation, use _CRT_SECURE_NO_WARNINGS. See online help for details.
C:\Program Files (x86)\Windows Kits\10\Include\10.0.18362.0\ucrt\stdlib.h(1112): message : 参见“_splitpath”的声明
D:\project4\animator-proj4\modelerui.cpp(86,1): warning C4996: '_splitpath': This function or variable may be unsafe. Consider using _splitpath_s instead. To disable deprecation, use _CRT_SECURE_NO_WARNINGS. See online help for details.
C:\Program Files (x86)\Windows Kits\10\Include\10.0.18362.0\ucrt\stdlib.h(1112): message : 参见“_splitpath”的声明
D:\project4\animator-proj4\modelerui.cpp(109,1): warning C4996: '_splitpath': This function or variable may be unsafe. Consider using _splitpath_s instead. To disable deprecation, use _CRT_SECURE_NO_WARNINGS. See online help for details.
C:\Program Files (x86)\Windows Kits\10\Include\10.0.18362.0\ucrt\stdlib.h(1112): message : 参见“_splitpath”的声明
D:\project4\animator-proj4\modelerui.cpp(246,23): warning C4244: “参数”: 从“double”转换到“int”，可能丢失数据
D:\project4\animator-proj4\modelerui.cpp(398,14): warning C4244: “初始化”: 从“double”转换到“float”，可能丢失数据
D:\project4\animator-proj4\modelerui.cpp(399,17): warning C4244: “初始化”: 从“double”转换到“float”，可能丢失数据
D:\project4\animator-proj4\modelerui.cpp(425,14): warning C4244: “初始化”: 从“double”转换到“float”，可能丢失数据
D:\project4\animator-proj4\modelerui.cpp(437,14): warning C4244: “初始化”: 从“double”转换到“float”，可能丢失数据
D:\project4\animator-proj4\modelerui.cpp(450,39): warning C4244: “参数”: 从“double”转换到“float”，可能丢失数据
D:\project4\animator-proj4\modelerui.cpp(460,35): warning C4244: “参数”: 从“double”转换到“float”，可能丢失数据
D:\project4\animator-proj4\modelerui.cpp(470,35): warning C4244: “参数”: 从“double”转换到“float”，可能丢失数据
D:\project4\animator-proj4\modelerui.cpp(561,11): warning C4244: “初始化”: 从“double”转换到“float”，可能丢失数据
D:\project4\animator-proj4\modelerui.cpp(643,1): warning C4996: '_snprintf': This function or variable may be unsafe. Consider using _snprintf_s instead. To disable deprecation, use _CRT_SECURE_NO_WARNINGS. See online help for details.
C:\Program Files (x86)\Windows Kits\10\Include\10.0.18362.0\ucrt\stdio.h(1961): message : 参见“_snprintf”的声明
D:\project4\animator-proj4\modelerui.cpp(721,1): warning C4996: '_snprintf': This function or variable may be unsafe. Consider using _snprintf_s instead. To disable deprecation, use _CRT_SECURE_NO_WARNINGS. See online help for details.
C:\Program Files (x86)\Windows Kits\10\Include\10.0.18362.0\ucrt\stdio.h(1961): message : 参见“_snprintf”的声明
D:\project4\animator-proj4\modelerui.cpp(746,1): warning C4996: '_snprintf': This function or variable may be unsafe. Consider using _snprintf_s instead. To disable deprecation, use _CRT_SECURE_NO_WARNINGS. See online help for details.
C:\Program Files (x86)\Windows Kits\10\Include\10.0.18362.0\ucrt\stdio.h(1961): message : 参见“_snprintf”的声明
D:\project4\animator-proj4\modelerui.cpp(765,38): warning C4244: “return”: 从“double”转换到“float”，可能丢失数据
D:\project4\animator-proj4\modelerui.cpp(808,1): warning C4996: '_snprintf': This function or variable may be unsafe. Consider using _snprintf_s instead. To disable deprecation, use _CRT_SECURE_NO_WARNINGS. See online help for details.
C:\Program Files (x86)\Windows Kits\10\Include\10.0.18362.0\ucrt\stdio.h(1961): message : 参见“_snprintf”的声明
  modeleruiwindows.cxx
  modelerview.cpp
  robotarm.cpp
  bitmap.cpp
D:\project4\animator-proj4\bitmap.cpp(57,1): warning C4996: 'fopen': This function or variable may be unsafe. Consider using fopen_s instead. To disable deprecation, use _CRT_SECURE_NO_WARNINGS. See online help for details.
C:\Program Files (x86)\Windows Kits\10\Include\10.0.18362.0\ucrt\stdio.h(208): message : 参见“fopen”的声明
D:\project4\animator-proj4\bitmap.cpp(157,1): warning C4996: 'fopen': This function or variable may be unsafe. Consider using fopen_s instead. To disable deprecation, use _CRT_SECURE_NO_WARNINGS. See online help for details.
C:\Program Files (x86)\Windows Kits\10\Include\10.0.18362.0\ucrt\stdio.h(208): message : 参见“fopen”的声明
  particle.cpp
  particleSystem.cpp
  point.cpp
  pointObj.cpp
  graphwidget.cpp
D:\project4\animator-proj4\graphwidget.cpp(129,30): warning C4018: “<”: 有符号/无符号不匹配
D:\project4\animator-proj4\graphwidget.cpp(154,28): warning C4018: “<”: 有符号/无符号不匹配
D:\project4\animator-proj4\graphwidget.cpp(506,21): warning C4018: “<”: 有符号/无符号不匹配
D:\project4\animator-proj4\graphwidget.cpp(515,20): warning C4018: “<”: 有符号/无符号不匹配
D:\project4\animator-proj4\graphwidget.cpp(523,25): warning C4244: “参数”: 从“const int”转换到“const float”，可能丢失数据
D:\project4\animator-proj4\graphwidget.cpp(523,16): warning C4244: “参数”: 从“const int”转换到“const float”，可能丢失数据
D:\project4\animator-proj4\graphwidget.cpp(525,20): warning C4018: “<”: 有符号/无符号不匹配
D:\project4\animator-proj4\graphwidget.cpp(544,26): warning C4244: “参数”: 从“const int”转换到“const float”，可能丢失数据
D:\project4\animator-proj4\graphwidget.cpp(544,17): warning C4244: “参数”: 从“const int”转换到“const float”，可能丢失数据
D:\project4\animator-proj4\graphwidget.cpp(574,21): warning C4018: “<”: 有符号/无符号不匹配
D:\project4\animator-proj4\graphwidget.cpp(606,26): warning C4244: “参数”: 从“const int”转换到“const float”，可能丢失数据
D:\project4\animator-proj4\graphwidget.cpp(606,17): warning C4244: “参数”: 从“const int”转换到“const float”，可能丢失数据
D:\project4\animator-proj4\graphwidget.cpp(625,26): warning C4244: “参数”: 从“const int”转换到“const float”，可能丢失数据
D:\project4\animator-proj4\graphwidget.cpp(625,17): warning C4244: “参数”: 从“const int”转换到“const float”，可能丢失数据
D:\project4\animator-proj4\graphwidget.cpp(630,21): warning C4018: “<”: 有符号/无符号不匹配
D:\project4\animator-proj4\graphwidget.cpp(649,20): warning C4018: “<”: 有符号/无符号不匹配
D:\project4\animator-proj4\graphwidget.cpp(655,42): warning C4244: “参数”: 从“const int”转换到“const float”，可能丢失数据
D:\project4\animator-proj4\graphwidget.cpp(655,33): warning C4244: “参数”: 从“const int”转换到“const float”，可能丢失数据
D:\project4\animator-proj4\graphwidget.cpp(656,40): warning C4244: “参数”: 从“const int”转换到“const float”，可能丢失数据
D:\project4\animator-proj4\graphwidget.cpp(656,31): warning C4244: “参数”: 从“const int”转换到“const float”，可能丢失数据
D:\project4\animator-proj4\graphwidget.cpp(661,40): warning C4244: “参数”: 从“const int”转换到“const float”，可能丢失数据
D:\project4\animator-proj4\graphwidget.cpp(661,31): warning C4244: “参数”: 从“const int”转换到“const float”，可能丢失数据
D:\project4\animator-proj4\graphwidget.cpp(666,40): warning C4244: “参数”: 从“const int”转换到“const float”，可能丢失数据
D:\project4\animator-proj4\graphwidget.cpp(666,31): warning C4244: “参数”: 从“const int”转换到“const float”，可能丢失数据
D:\project4\animator-proj4\graphwidget.cpp(758,22): warning C4018: “<”: 有符号/无符号不匹配
D:\project4\animator-proj4\graphwidget.cpp(802,28): warning C4018: “<”: 有符号/无符号不匹配
D:\project4\animator-proj4\graphwidget.cpp(857,20): warning C4018: “<”: 有符号/无符号不匹配
D:\project4\animator-proj4\graphwidget.cpp(901,20): warning C4018: “<”: 有符号/无符号不匹配
D:\project4\animator-proj4\graphwidget.cpp(1031,21): warning C4018: “<”: 有符号/无符号不匹配
D:\project4\animator-proj4\graphwidget.cpp(1096,80): warning C4244: “=”: 从“double”转换到“int”，可能丢失数据
D:\project4\animator-proj4\graphwidget.cpp(1103,81): warning C4244: “=”: 从“double”转换到“int”，可能丢失数据
D:\project4\animator-proj4\graphwidget.cpp(1107,8): warning C4244: “=”: 从“int”转换到“float”，可能丢失数据
D:\project4\animator-proj4\graphwidget.cpp(1108,8): warning C4244: “=”: 从“int”转换到“float”，可能丢失数据
D:\project4\animator-proj4\graphwidget.cpp(1134,94): warning C4244: “=”: 从“int”转换到“float”，可能丢失数据
D:\project4\animator-proj4\graphwidget.cpp(1135,95): warning C4244: “=”: 从“int”转换到“float”，可能丢失数据
  indicatorwindow.cpp
D:\project4\animator-proj4\indicatorwindow.cpp(40,20): warning C4018: “<”: 有符号/无符号不匹配
D:\project4\animator-proj4\indicatorwindow.cpp(126,20): warning C4018: “<”: 有符号/无符号不匹配
D:\project4\animator-proj4\indicatorwindow.cpp(148,20): warning C4018: “<”: 有符号/无符号不匹配
  rect.cpp
  rulerwindow.cpp
D:\project4\animator-proj4\rulerwindow.cpp(59,13): warning C4018: “>=”: 有符号/无符号不匹配
D:\project4\animator-proj4\rulerwindow.cpp(61,22): warning C4018: “<”: 有符号/无符号不匹配
D:\project4\animator-proj4\rulerwindow.cpp(48,1): warning C4996: '_snprintf': This function or variable may be unsafe. Consider using _snprintf_s instead. To disable deprecation, use _CRT_SECURE_NO_WARNINGS. See online help for details.
C:\Program Files (x86)\Windows Kits\10\Include\10.0.18362.0\ucrt\stdio.h(1961): message : 参见“_snprintf”的声明
D:\project4\animator-proj4\rulerwindow.cpp(74,1): warning C4996: 'strncpy': This function or variable may be unsafe. Consider using strncpy_s instead. To disable deprecation, use _CRT_SECURE_NO_WARNINGS. See online help for details.
C:\Program Files (x86)\Windows Kits\10\Include\10.0.18362.0\ucrt\string.h(338): message : 参见“strncpy”的声明
  正在生成代码...
fltk.lib(case.obj) : warning LNK4099: 未找到 PDB“vc140.pdb”(使用“fltk.lib(case.obj)”或在“D:\project4\animator-proj4\Release\vc140.pdb”中寻找)；正在链接对象，如同没有调试信息一样
fltk.lib(filename_absolute.obj) : warning LNK4099: 未找到 PDB“vc140.pdb”(使用“fltk.lib(filename_absolute.obj)”或在“D:\project4\animator-proj4\Release\vc140.pdb”中寻找)；正在链接对象，如同没有调试信息一样
fltk.lib(filename_expand.obj) : warning LNK4099: 未找到 PDB“vc140.pdb”(使用“fltk.lib(filename_expand.obj)”或在“D:\project4\animator-proj4\Release\vc140.pdb”中寻找)；正在链接对象，如同没有调试信息一样
fltk.lib(filename_isdir.obj) : warning LNK4099: 未找到 PDB“vc140.pdb”(使用“fltk.lib(filename_isdir.obj)”或在“D:\project4\animator-proj4\Release\vc140.pdb”中寻找)；正在链接对象，如同没有调试信息一样
fltk.lib(filename_list.obj) : warning LNK4099: 未找到 PDB“vc140.pdb”(使用“fltk.lib(filename_list.obj)”或在“D:\project4\animator-proj4\Release\vc140.pdb”中寻找)；正在链接对象，如同没有调试信息一样
fltk.lib(filename_match.obj) : warning LNK4099: 未找到 PDB“vc140.pdb”(使用“fltk.lib(filename_match.obj)”或在“D:\project4\animator-proj4\Release\vc140.pdb”中寻找)；正在链接对象，如同没有调试信息一样
fltk.lib(Fl.obj) : warning LNK4099: 未找到 PDB“vc140.pdb”(使用“fltk.lib(Fl.obj)”或在“D:\project4\animator-proj4\Release\vc140.pdb”中寻找)；正在链接对象，如同没有调试信息一样
fltk.lib(Fl_abort.obj) : warning LNK4099: 未找到 PDB“vc140.pdb”(使用“fltk.lib(Fl_abort.obj)”或在“D:\project4\animator-proj4\Release\vc140.pdb”中寻找)；正在链接对象，如同没有调试信息一样
fltk.lib(fl_arc.obj) : warning LNK4099: 未找到 PDB“vc140.pdb”(使用“fltk.lib(fl_arc.obj)”或在“D:\project4\animator-proj4\Release\vc140.pdb”中寻找)；正在链接对象，如同没有调试信息一样
fltk.lib(fl_arci.obj) : warning LNK4099: 未找到 PDB“vc140.pdb”(使用“fltk.lib(fl_arci.obj)”或在“D:\project4\animator-proj4\Release\vc140.pdb”中寻找)；正在链接对象，如同没有调试信息一样
fltk.lib(fl_ask.obj) : warning LNK4099: 未找到 PDB“vc140.pdb”(使用“fltk.lib(fl_ask.obj)”或在“D:\project4\animator-proj4\Release\vc140.pdb”中寻找)；正在链接对象，如同没有调试信息一样
fltk.lib(Fl_Bitmap.obj) : warning LNK4099: 未找到 PDB“vc140.pdb”(使用“fltk.lib(Fl_Bitmap.obj)”或在“D:\project4\animator-proj4\Release\vc140.pdb”中寻找)；正在链接对象，如同没有调试信息一样
fltk.lib(Fl_Box.obj) : warning LNK4099: 未找到 PDB“vc140.pdb”(使用“fltk.lib(Fl_Box.obj)”或在“D:\project4\animator-proj4\Release\vc140.pdb”中寻找)；正在链接对象，如同没有调试信息一样
fltk.lib(fl_boxtype.obj) : warning LNK4099: 未找到 PDB“vc140.pdb”(使用“fltk.lib(fl_boxtype.obj)”或在“D:\project4\animator-proj4\Release\vc140.pdb”中寻找)；正在链接对象，如同没有调试信息一样
fltk.lib(Fl_Browser.obj) : warning LNK4099: 未找到 PDB“vc140.pdb”(使用“fltk.lib(Fl_Browser.obj)”或在“D:\project4\animator-proj4\Release\vc140.pdb”中寻找)；正在链接对象，如同没有调试信息一样
fltk.lib(Fl_Browser_.obj) : warning LNK4099: 未找到 PDB“vc140.pdb”(使用“fltk.lib(Fl_Browser_.obj)”或在“D:\project4\animator-proj4\Release\vc140.pdb”中寻找)；正在链接对象，如同没有调试信息一样
fltk.lib(Fl_Button.obj) : warning LNK4099: 未找到 PDB“vc140.pdb”(使用“fltk.lib(Fl_Button.obj)”或在“D:\project4\animator-proj4\Release\vc140.pdb”中寻找)；正在链接对象，如同没有调试信息一样
fltk.lib(Fl_Check_Button.obj) : warning LNK4099: 未找到 PDB“vc140.pdb”(使用“fltk.lib(Fl_Check_Button.obj)”或在“D:\project4\animator-proj4\Release\vc140.pdb”中寻找)；正在链接对象，如同没有调试信息一样
fltk.lib(Fl_Choice.obj) : warning LNK4099: 未找到 PDB“vc140.pdb”(使用“fltk.lib(Fl_Choice.obj)”或在“D:\project4\animator-proj4\Release\vc140.pdb”中寻找)；正在链接对象，如同没有调试信息一样
fltk.lib(fl_color.obj) : warning LNK4099: 未找到 PDB“vc140.pdb”(使用“fltk.lib(fl_color.obj)”或在“D:\project4\animator-proj4\Release\vc140.pdb”中寻找)；正在链接对象，如同没有调试信息一样
fltk.lib(Fl_compose.obj) : warning LNK4099: 未找到 PDB“vc140.pdb”(使用“fltk.lib(Fl_compose.obj)”或在“D:\project4\animator-proj4\Release\vc140.pdb”中寻找)；正在链接对象，如同没有调试信息一样
fltk.lib(fl_cursor.obj) : warning LNK4099: 未找到 PDB“vc140.pdb”(使用“fltk.lib(fl_cursor.obj)”或在“D:\project4\animator-proj4\Release\vc140.pdb”中寻找)；正在链接对象，如同没有调试信息一样
fltk.lib(fl_curve.obj) : warning LNK4099: 未找到 PDB“vc140.pdb”(使用“fltk.lib(fl_curve.obj)”或在“D:\project4\animator-proj4\Release\vc140.pdb”中寻找)；正在链接对象，如同没有调试信息一样
fltk.lib(Fl_Device.obj) : warning LNK4099: 未找到 PDB“vc140.pdb”(使用“fltk.lib(Fl_Device.obj)”或在“D:\project4\animator-proj4\Release\vc140.pdb”中寻找)；正在链接对象，如同没有调试信息一样
fltk.lib(fl_dnd.obj) : warning LNK4099: 未找到 PDB“vc140.pdb”(使用“fltk.lib(fl_dnd.obj)”或在“D:\project4\animator-proj4\Release\vc140.pdb”中寻找)；正在链接对象，如同没有调试信息一样
fltk.lib(Fl_Double_Window.obj) : warning LNK4099: 未找到 PDB“vc140.pdb”(使用“fltk.lib(Fl_Double_Window.obj)”或在“D:\project4\animator-proj4\Release\vc140.pdb”中寻找)；正在链接对象，如同没有调试信息一样
fltk.lib(fl_draw.obj) : warning LNK4099: 未找到 PDB“vc140.pdb”(使用“fltk.lib(fl_draw.obj)”或在“D:\project4\animator-proj4\Release\vc140.pdb”中寻找)；正在链接对象，如同没有调试信息一样
fltk.lib(fl_draw_image.obj) : warning LNK4099: 未找到 PDB“vc140.pdb”(使用“fltk.lib(fl_draw_image.obj)”或在“D:\project4\animator-proj4\Release\vc140.pdb”中寻找)；正在链接对象，如同没有调试信息一样
fltk.lib(fl_draw_pixmap.obj) : warning LNK4099: 未找到 PDB“vc140.pdb”(使用“fltk.lib(fl_draw_pixmap.obj)”或在“D:\project4\animator-proj4\Release\vc140.pdb”中寻找)；正在链接对象，如同没有调试信息一样
fltk.lib(Fl_File_Browser.obj) : warning LNK4099: 未找到 PDB“vc140.pdb”(使用“fltk.lib(Fl_File_Browser.obj)”或在“D:\project4\animator-proj4\Release\vc140.pdb”中寻找)；正在链接对象，如同没有调试信息一样
fltk.lib(Fl_File_Chooser.obj) : warning LNK4099: 未找到 PDB“vc140.pdb”(使用“fltk.lib(Fl_File_Chooser.obj)”或在“D:\project4\animator-proj4\Release\vc140.pdb”中寻找)；正在链接对象，如同没有调试信息一样
fltk.lib(Fl_File_Chooser2.obj) : warning LNK4099: 未找到 PDB“vc140.pdb”(使用“fltk.lib(Fl_File_Chooser2.obj)”或在“D:\project4\animator-proj4\Release\vc140.pdb”中寻找)；正在链接对象，如同没有调试信息一样
fltk.lib(fl_file_dir.obj) : warning LNK4099: 未找到 PDB“vc140.pdb”(使用“fltk.lib(fl_file_dir.obj)”或在“D:\project4\animator-proj4\Release\vc140.pdb”中寻找)；正在链接对象，如同没有调试信息一样
fltk.lib(Fl_File_Icon.obj) : warning LNK4099: 未找到 PDB“vc140.pdb”(使用“fltk.lib(Fl_File_Icon.obj)”或在“D:\project4\animator-proj4\Release\vc140.pdb”中寻找)；正在链接对象，如同没有调试信息一样
fltk.lib(Fl_File_Input.obj) : warning LNK4099: 未找到 PDB“vc140.pdb”(使用“fltk.lib(Fl_File_Input.obj)”或在“D:\project4\animator-proj4\Release\vc140.pdb”中寻找)；正在链接对象，如同没有调试信息一样
fltk.lib(fl_font.obj) : warning LNK4099: 未找到 PDB“vc140.pdb”(使用“fltk.lib(fl_font.obj)”或在“D:\project4\animator-proj4\Release\vc140.pdb”中寻找)；正在链接对象，如同没有调试信息一样
fltk.lib(Fl_get_system_colors.obj) : warning LNK4099: 未找到 PDB“vc140.pdb”(使用“fltk.lib(Fl_get_system_colors.obj)”或在“D:\project4\animator-proj4\Release\vc140.pdb”中寻找)；正在链接对象，如同没有调试信息一样
fltk.lib(Fl_grab.obj) : warning LNK4099: 未找到 PDB“vc140.pdb”(使用“fltk.lib(Fl_grab.obj)”或在“D:\project4\animator-proj4\Release\vc140.pdb”中寻找)；正在链接对象，如同没有调试信息一样
fltk.lib(Fl_Group.obj) : warning LNK4099: 未找到 PDB“vc140.pdb”(使用“fltk.lib(Fl_Group.obj)”或在“D:\project4\animator-proj4\Release\vc140.pdb”中寻找)；正在链接对象，如同没有调试信息一样
fltk.lib(fl_gtk.obj) : warning LNK4099: 未找到 PDB“vc140.pdb”(使用“fltk.lib(fl_gtk.obj)”或在“D:\project4\animator-proj4\Release\vc140.pdb”中寻找)；正在链接对象，如同没有调试信息一样
fltk.lib(fl_gleam.obj) : warning LNK4099: 未找到 PDB“vc140.pdb”(使用“fltk.lib(fl_gleam.obj)”或在“D:\project4\animator-proj4\Release\vc140.pdb”中寻找)；正在链接对象，如同没有调试信息一样
fltk.lib(Fl_Image.obj) : warning LNK4099: 未找到 PDB“vc140.pdb”(使用“fltk.lib(Fl_Image.obj)”或在“D:\project4\animator-proj4\Release\vc140.pdb”中寻找)；正在链接对象，如同没有调试信息一样
fltk.lib(Fl_Input.obj) : warning LNK4099: 未找到 PDB“vc140.pdb”(使用“fltk.lib(Fl_Input.obj)”或在“D:\project4\animator-proj4\Release\vc140.pdb”中寻找)；正在链接对象，如同没有调试信息一样
fltk.lib(Fl_Input_.obj) : warning LNK4099: 未找到 PDB“vc140.pdb”(使用“fltk.lib(Fl_Input_.obj)”或在“D:\project4\animator-proj4\Release\vc140.pdb”中寻找)；正在链接对象，如同没有调试信息一样
fltk.lib(fl_labeltype.obj) : warning LNK4099: 未找到 PDB“vc140.pdb”(使用“fltk.lib(fl_labeltype.obj)”或在“D:\project4\animator-proj4\Release\vc140.pdb”中寻找)；正在链接对象，如同没有调试信息一样
fltk.lib(Fl_Light_Button.obj) : warning LNK4099: 未找到 PDB“vc140.pdb”(使用“fltk.lib(Fl_Light_Button.obj)”或在“D:\project4\animator-proj4\Release\vc140.pdb”中寻找)；正在链接对象，如同没有调试信息一样
fltk.lib(fl_line_style.obj) : warning LNK4099: 未找到 PDB“vc140.pdb”(使用“fltk.lib(fl_line_style.obj)”或在“D:\project4\animator-proj4\Release\vc140.pdb”中寻找)；正在链接对象，如同没有调试信息一样
fltk.lib(Fl_lock.obj) : warning LNK4099: 未找到 PDB“vc140.pdb”(使用“fltk.lib(Fl_lock.obj)”或在“D:\project4\animator-proj4\Release\vc140.pdb”中寻找)；正在链接对象，如同没有调试信息一样
fltk.lib(Fl_Menu.obj) : warning LNK4099: 未找到 PDB“vc140.pdb”(使用“fltk.lib(Fl_Menu.obj)”或在“D:\project4\animator-proj4\Release\vc140.pdb”中寻找)；正在链接对象，如同没有调试信息一样
fltk.lib(Fl_Menu_.obj) : warning LNK4099: 未找到 PDB“vc140.pdb”(使用“fltk.lib(Fl_Menu_.obj)”或在“D:\project4\animator-proj4\Release\vc140.pdb”中寻找)；正在链接对象，如同没有调试信息一样
fltk.lib(Fl_Menu_add.obj) : warning LNK4099: 未找到 PDB“vc140.pdb”(使用“fltk.lib(Fl_Menu_add.obj)”或在“D:\project4\animator-proj4\Release\vc140.pdb”中寻找)；正在链接对象，如同没有调试信息一样
fltk.lib(Fl_Menu_Bar.obj) : warning LNK4099: 未找到 PDB“vc140.pdb”(使用“fltk.lib(Fl_Menu_Bar.obj)”或在“D:\project4\animator-proj4\Release\vc140.pdb”中寻找)；正在链接对象，如同没有调试信息一样
fltk.lib(Fl_Menu_Button.obj) : warning LNK4099: 未找到 PDB“vc140.pdb”(使用“fltk.lib(Fl_Menu_Button.obj)”或在“D:\project4\animator-proj4\Release\vc140.pdb”中寻找)；正在链接对象，如同没有调试信息一样
fltk.lib(Fl_Menu_Window.obj) : warning LNK4099: 未找到 PDB“vc140.pdb”(使用“fltk.lib(Fl_Menu_Window.obj)”或在“D:\project4\animator-proj4\Release\vc140.pdb”中寻找)；正在链接对象，如同没有调试信息一样
fltk.lib(Fl_Overlay_Window.obj) : warning LNK4099: 未找到 PDB“vc140.pdb”(使用“fltk.lib(Fl_Overlay_Window.obj)”或在“D:\project4\animator-proj4\Release\vc140.pdb”中寻找)；正在链接对象，如同没有调试信息一样
fltk.lib(Fl_Pack.obj) : warning LNK4099: 未找到 PDB“vc140.pdb”(使用“fltk.lib(Fl_Pack.obj)”或在“D:\project4\animator-proj4\Release\vc140.pdb”中寻找)；正在链接对象，如同没有调试信息一样
fltk.lib(Fl_Pixmap.obj) : warning LNK4099: 未找到 PDB“vc140.pdb”(使用“fltk.lib(Fl_Pixmap.obj)”或在“D:\project4\animator-proj4\Release\vc140.pdb”中寻找)；正在链接对象，如同没有调试信息一样
fltk.lib(fl_plastic.obj) : warning LNK4099: 未找到 PDB“vc140.pdb”(使用“fltk.lib(fl_plastic.obj)”或在“D:\project4\animator-proj4\Release\vc140.pdb”中寻找)；正在链接对象，如同没有调试信息一样
fltk.lib(Fl_Preferences.obj) : warning LNK4099: 未找到 PDB“vc140.pdb”(使用“fltk.lib(Fl_Preferences.obj)”或在“D:\project4\animator-proj4\Release\vc140.pdb”中寻找)；正在链接对象，如同没有调试信息一样
fltk.lib(fl_read_image.obj) : warning LNK4099: 未找到 PDB“vc140.pdb”(使用“fltk.lib(fl_read_image.obj)”或在“D:\project4\animator-proj4\Release\vc140.pdb”中寻找)；正在链接对象，如同没有调试信息一样
fltk.lib(fl_rect.obj) : warning LNK4099: 未找到 PDB“vc140.pdb”(使用“fltk.lib(fl_rect.obj)”或在“D:\project4\animator-proj4\Release\vc140.pdb”中寻找)；正在链接对象，如同没有调试信息一样
fltk.lib(Fl_Repeat_Button.obj) : warning LNK4099: 未找到 PDB“vc140.pdb”(使用“fltk.lib(Fl_Repeat_Button.obj)”或在“D:\project4\animator-proj4\Release\vc140.pdb”中寻找)；正在链接对象，如同没有调试信息一样
fltk.lib(Fl_Return_Button.obj) : warning LNK4099: 未找到 PDB“vc140.pdb”(使用“fltk.lib(Fl_Return_Button.obj)”或在“D:\project4\animator-proj4\Release\vc140.pdb”中寻找)；正在链接对象，如同没有调试信息一样
fltk.lib(fl_round_box.obj) : warning LNK4099: 未找到 PDB“vc140.pdb”(使用“fltk.lib(fl_round_box.obj)”或在“D:\project4\animator-proj4\Release\vc140.pdb”中寻找)；正在链接对象，如同没有调试信息一样
fltk.lib(Fl_Scroll.obj) : warning LNK4099: 未找到 PDB“vc140.pdb”(使用“fltk.lib(Fl_Scroll.obj)”或在“D:\project4\animator-proj4\Release\vc140.pdb”中寻找)；正在链接对象，如同没有调试信息一样
fltk.lib(fl_scroll_area.obj) : warning LNK4099: 未找到 PDB“vc140.pdb”(使用“fltk.lib(fl_scroll_area.obj)”或在“D:\project4\animator-proj4\Release\vc140.pdb”中寻找)；正在链接对象，如同没有调试信息一样
fltk.lib(Fl_Scrollbar.obj) : warning LNK4099: 未找到 PDB“vc140.pdb”(使用“fltk.lib(Fl_Scrollbar.obj)”或在“D:\project4\animator-proj4\Release\vc140.pdb”中寻找)；正在链接对象，如同没有调试信息一样
fltk.lib(Fl_Shared_Image.obj) : warning LNK4099: 未找到 PDB“vc140.pdb”(使用“fltk.lib(Fl_Shared_Image.obj)”或在“D:\project4\animator-proj4\Release\vc140.pdb”中寻找)；正在链接对象，如同没有调试信息一样
fltk.lib(fl_shortcut.obj) : warning LNK4099: 未找到 PDB“vc140.pdb”(使用“fltk.lib(fl_shortcut.obj)”或在“D:\project4\animator-proj4\Release\vc140.pdb”中寻找)；正在链接对象，如同没有调试信息一样
fltk.lib(Fl_Single_Window.obj) : warning LNK4099: 未找到 PDB“vc140.pdb”(使用“fltk.lib(Fl_Single_Window.obj)”或在“D:\project4\animator-proj4\Release\vc140.pdb”中寻找)；正在链接对象，如同没有调试信息一样
fltk.lib(Fl_Slider.obj) : warning LNK4099: 未找到 PDB“vc140.pdb”(使用“fltk.lib(Fl_Slider.obj)”或在“D:\project4\animator-proj4\Release\vc140.pdb”中寻找)；正在链接对象，如同没有调试信息一样
fltk.lib(fl_symbols.obj) : warning LNK4099: 未找到 PDB“vc140.pdb”(使用“fltk.lib(fl_symbols.obj)”或在“D:\project4\animator-proj4\Release\vc140.pdb”中寻找)；正在链接对象，如同没有调试信息一样
fltk.lib(Fl_Tabs.obj) : warning LNK4099: 未找到 PDB“vc140.pdb”(使用“fltk.lib(Fl_Tabs.obj)”或在“D:\project4\animator-proj4\Release\vc140.pdb”中寻找)；正在链接对象，如同没有调试信息一样
fltk.lib(Fl_Tile.obj) : warning LNK4099: 未找到 PDB“vc140.pdb”(使用“fltk.lib(Fl_Tile.obj)”或在“D:\project4\animator-proj4\Release\vc140.pdb”中寻找)；正在链接对象，如同没有调试信息一样
fltk.lib(Fl_Tiled_Image.obj) : warning LNK4099: 未找到 PDB“vc140.pdb”(使用“fltk.lib(Fl_Tiled_Image.obj)”或在“D:\project4\animator-proj4\Release\vc140.pdb”中寻找)；正在链接对象，如同没有调试信息一样
fltk.lib(Fl_Tooltip.obj) : warning LNK4099: 未找到 PDB“vc140.pdb”(使用“fltk.lib(Fl_Tooltip.obj)”或在“D:\project4\animator-proj4\Release\vc140.pdb”中寻找)；正在链接对象，如同没有调试信息一样
fltk.lib(fl_utf.obj) : warning LNK4099: 未找到 PDB“vc140.pdb”(使用“fltk.lib(fl_utf.obj)”或在“D:\project4\animator-proj4\Release\vc140.pdb”中寻找)；正在链接对象，如同没有调试信息一样
fltk.lib(fl_utf8.obj) : warning LNK4099: 未找到 PDB“vc140.pdb”(使用“fltk.lib(fl_utf8.obj)”或在“D:\project4\animator-proj4\Release\vc140.pdb”中寻找)；正在链接对象，如同没有调试信息一样
fltk.lib(Fl_Valuator.obj) : warning LNK4099: 未找到 PDB“vc140.pdb”(使用“fltk.lib(Fl_Valuator.obj)”或在“D:\project4\animator-proj4\Release\vc140.pdb”中寻找)；正在链接对象，如同没有调试信息一样
fltk.lib(Fl_Value_Slider.obj) : warning LNK4099: 未找到 PDB“vc140.pdb”(使用“fltk.lib(Fl_Value_Slider.obj)”或在“D:\project4\animator-proj4\Release\vc140.pdb”中寻找)；正在链接对象，如同没有调试信息一样
fltk.lib(fl_vertex.obj) : warning LNK4099: 未找到 PDB“vc140.pdb”(使用“fltk.lib(fl_vertex.obj)”或在“D:\project4\animator-proj4\Release\vc140.pdb”中寻找)；正在链接对象，如同没有调试信息一样
fltk.lib(Fl_visual.obj) : warning LNK4099: 未找到 PDB“vc140.pdb”(使用“fltk.lib(Fl_visual.obj)”或在“D:\project4\animator-proj4\Release\vc140.pdb”中寻找)；正在链接对象，如同没有调试信息一样
fltk.lib(Fl_Widget.obj) : warning LNK4099: 未找到 PDB“vc140.pdb”(使用“fltk.lib(Fl_Widget.obj)”或在“D:\project4\animator-proj4\Release\vc140.pdb”中寻找)；正在链接对象，如同没有调试信息一样
fltk.lib(Fl_Window.obj) : warning LNK4099: 未找到 PDB“vc140.pdb”(使用“fltk.lib(Fl_Window.obj)”或在“D:\project4\animator-proj4\Release\vc140.pdb”中寻找)；正在链接对象，如同没有调试信息一样
fltk.lib(Fl_Window_fullscreen.obj) : warning LNK4099: 未找到 PDB“vc140.pdb”(使用“fltk.lib(Fl_Window_fullscreen.obj)”或在“D:\project4\animator-proj4\Release\vc140.pdb”中寻找)；正在链接对象，如同没有调试信息一样
fltk.lib(Fl_Window_hotspot.obj) : warning LNK4099: 未找到 PDB“vc140.pdb”(使用“fltk.lib(Fl_Window_hotspot.obj)”或在“D:\project4\animator-proj4\Release\vc140.pdb”中寻找)；正在链接对象，如同没有调试信息一样
fltk.lib(Fl_Window_shape.obj) : warning LNK4099: 未找到 PDB“vc140.pdb”(使用“fltk.lib(Fl_Window_shape.obj)”或在“D:\project4\animator-proj4\Release\vc140.pdb”中寻找)；正在链接对象，如同没有调试信息一样
fltk.lib(Fl_XBM_Image.obj) : warning LNK4099: 未找到 PDB“vc140.pdb”(使用“fltk.lib(Fl_XBM_Image.obj)”或在“D:\project4\animator-proj4\Release\vc140.pdb”中寻找)；正在链接对象，如同没有调试信息一样
fltk.lib(Fl_XPM_Image.obj) : warning LNK4099: 未找到 PDB“vc140.pdb”(使用“fltk.lib(Fl_XPM_Image.obj)”或在“D:\project4\animator-proj4\Release\vc140.pdb”中寻找)；正在链接对象，如同没有调试信息一样
fltk.lib(flstring.obj) : warning LNK4099: 未找到 PDB“vc140.pdb”(使用“fltk.lib(flstring.obj)”或在“D:\project4\animator-proj4\Release\vc140.pdb”中寻找)；正在链接对象，如同没有调试信息一样
fltk.lib(is_spacing.obj) : warning LNK4099: 未找到 PDB“vc140.pdb”(使用“fltk.lib(is_spacing.obj)”或在“D:\project4\animator-proj4\Release\vc140.pdb”中寻找)；正在链接对象，如同没有调试信息一样
fltk.lib(numericsort.obj) : warning LNK4099: 未找到 PDB“vc140.pdb”(使用“fltk.lib(numericsort.obj)”或在“D:\project4\animator-proj4\Release\vc140.pdb”中寻找)；正在链接对象，如同没有调试信息一样
fltk.lib(scandir.obj) : warning LNK4099: 未找到 PDB“vc140.pdb”(使用“fltk.lib(scandir.obj)”或在“D:\project4\animator-proj4\Release\vc140.pdb”中寻找)；正在链接对象，如同没有调试信息一样
fltk.lib(screen_xywh.obj) : warning LNK4099: 未找到 PDB“vc140.pdb”(使用“fltk.lib(screen_xywh.obj)”或在“D:\project4\animator-proj4\Release\vc140.pdb”中寻找)；正在链接对象，如同没有调试信息一样
fltk.lib(vsnprintf.obj) : warning LNK4099: 未找到 PDB“vc140.pdb”(使用“fltk.lib(vsnprintf.obj)”或在“D:\project4\animator-proj4\Release\vc140.pdb”中寻找)；正在链接对象，如同没有调试信息一样
fltkgl.lib(Fl_Gl_Choice.obj) : warning LNK4099: 未找到 PDB“vc140.pdb”(使用“fltkgl.lib(Fl_Gl_Choice.obj)”或在“D:\project4\animator-proj4\Release\vc140.pdb”中寻找)；正在链接对象，如同没有调试信息一样
fltkgl.lib(Fl_Gl_Device_Plugin.obj) : warning LNK4099: 未找到 PDB“vc140.pdb”(使用“fltkgl.lib(Fl_Gl_Device_Plugin.obj)”或在“D:\project4\animator-proj4\Release\vc140.pdb”中寻找)；正在链接对象，如同没有调试信息一样
fltkgl.lib(Fl_Gl_Window.obj) : warning LNK4099: 未找到 PDB“vc140.pdb”(使用“fltkgl.lib(Fl_Gl_Window.obj)”或在“D:\project4\animator-proj4\Release\vc140.pdb”中寻找)；正在链接对象，如同没有调试信息一样
fltkgl.lib(gl_draw.obj) : warning LNK4099: 未找到 PDB“vc140.pdb”(使用“fltkgl.lib(gl_draw.obj)”或在“D:\project4\animator-proj4\Release\vc140.pdb”中寻找)；正在链接对象，如同没有调试信息一样
  Animator.vcxproj -> D:\project4\animator-proj4\.\Release\modeler.exe
